        -:    0:Source:linked_list.c
        -:    0:Graph:linked_list.gcno
        -:    0:Data:linked_list.gcda
        -:    0:Runs:1
        -:    1:#include "linked_list.h"
        -:    2:#include "iterator.h"
        -:    3:#include <assert.h>
        -:    4:#include <stdbool.h>
        -:    5:#include "string.h"
        -:    6:
        -:    7:
        -:    8:struct link
        -:    9:{
        -:   10:    elem_t element;
        -:   11:    ioopm_link_t *next;
        -:   12:};
        -:   13:
        -:   14:struct list
        -:   15:{
        -:   16:    ioopm_link_t *first;
        -:   17:    ioopm_link_t *last;
        -:   18:    size_t size; // Added field to store the number of elements in the linked list.
        -:   19:    ioopm_eq_function equal_fun;
        -:   20:};
        -:   21:
       17:   22:ioopm_list_t *ioopm_linked_list_create(ioopm_eq_function equal_fun)
        -:   23:{
       17:   24:    ioopm_list_t *new_list = calloc(1, sizeof(ioopm_list_t));
       17:   25:    new_list->first = NULL;
       17:   26:    new_list->last = NULL;
       17:   27:    new_list->size = 0;
       17:   28:    new_list->equal_fun = equal_fun;
       17:   29:    return new_list;
        -:   30:}
        -:   31:
       74:   32:void links_destroy(ioopm_link_t *link) {
        -:   33:  // Cache the next pointer
       74:   34:  ioopm_link_t *next = link->next;
       74:   35:  free(link);
       74:   36:  if (next != NULL) {
       59:   37:    links_destroy(next);
        -:   38:  }
       74:   39:}
        -:   40:
       17:   41:void ioopm_linked_list_destroy(ioopm_list_t *list) {
       17:   42:    if (list->first == NULL && list->last == NULL) {
        2:   43:        free(list);
        -:   44:    } else {
       15:   45:        links_destroy(list->first);
       15:   46:        free(list);
        -:   47:    }
       17:   48:}
        -:   49:
       13:   50:void ioopm_linked_list_append(ioopm_list_t *list, elem_t value)
        -:   51:{
       13:   52:    ioopm_link_t *new_link = calloc(1, sizeof(ioopm_link_t));
        -:   53:    
       13:   54:    new_link->element = value;
       13:   55:    new_link->next = NULL;
        -:   56:    // Increment size by one
       13:   57:    list->size = list->size + 1;
       13:   58:    if (list->last == NULL && list->first == NULL) {
        -:   59:        // TODO: ska man uppdatera first också till new_link? Svar: Det hjälper att göra så när man använder list_destroy.
        4:   60:        list->first = new_link;
        4:   61:        list->last = new_link;
        -:   62:    } else {
        9:   63:        list->last->next = new_link;
        9:   64:        list->last = new_link;
        -:   65:    }
       13:   66:}
        -:   67:
       71:   68:void ioopm_linked_list_prepend(ioopm_list_t *list, elem_t value)
        -:   69:{
       71:   70:    ioopm_link_t *new_link = calloc(1, sizeof(ioopm_link_t));
       71:   71:    new_link->element = value;
       71:   72:    new_link->next = list->first;
       71:   73:    if (list->last == NULL && list->first == NULL) {
       12:   74:        list->first = new_link;
       12:   75:        list->last = new_link;
        -:   76:    }
       71:   77:    list->first = new_link;
        -:   78:    // Increment size by one
       71:   79:    list->size = list->size + 1;
       71:   80:}
        -:   81:
       18:   82:size_t ioopm_linked_list_size(ioopm_list_t *list) {
       18:   83:    return list->size;
        -:   84:}
        -:   85:
        4:   86:void ioopm_linked_list_insert(ioopm_list_t *list, int index, elem_t value) {
        4:   87:    size_t length = ioopm_linked_list_size(list);
        4:   88:    int counter = 1;
        -:   89:    // If we insert at the head of the list
        4:   90:    if (index == 0) {
        1:   91:        ioopm_linked_list_prepend(list, value);
        -:   92:    // If we insert at the last element
        3:   93:    } else if (length == index) {
        1:   94:        ioopm_linked_list_append(list, value);
        -:   95:    } else {
        2:   96:        ioopm_link_t *linked_link = list->first;
        4:   97:        while (counter != index - 1 && index != 1) {
        2:   98:            linked_link = linked_link->next;
        2:   99:            counter = counter + 1;
        -:  100:        }
        2:  101:        ioopm_link_t *new_link = calloc(1, sizeof(ioopm_link_t));
        2:  102:        new_link->element = value;
        2:  103:        new_link->next = linked_link->next;
        2:  104:        linked_link->next = new_link;
        -:  105:       // Increment size by one
        2:  106:       list->size = list->size + 1;
        -:  107:    }
        4:  108:}
        -:  109:
        1:  110:elem_t ioopm_linked_list_get(ioopm_list_t *list, int index)
        -:  111:{
       1*:  112:    assert(list->size > index);
        1:  113:    int counter = index;
        1:  114:    ioopm_link_t *list_itr = list->first;
        3:  115:    while (counter != 0) {
        2:  116:        list_itr = list_itr->next;
        2:  117:        counter--;
        -:  118:    }
        1:  119:    return list_itr->element;
        -:  120:} 
        2:  121:bool ioopm_linked_list_is_empty(ioopm_list_t *list) {
        2:  122:    return list->size == 0;
        -:  123:}
        -:  124:
        4:  125:bool ioopm_linked_list_contains(ioopm_list_t *list, elem_t element) {
        4:  126:    ioopm_link_t *linked_list = list->first;
       10:  127:    for (int i = 0; i < list->size; i++) {
        7:  128:        if (list->equal_fun(linked_list->element, element)) {
        1:  129:            return true;
        -:  130:        } else {
        6:  131:            linked_list = linked_list->next;
        -:  132:        }
        -:  133:    }
        3:  134:    return false;
        -:  135:}
        -:  136:
       12:  137:elem_t ioopm_linked_list_remove(ioopm_list_t *list, int index) {
      12*:  138:    assert(list->size > index);
       12:  139:    int counter = 1;
       12:  140:    if (index == 0 && list->first->next != NULL) { // (When we want to remove the first element in the list)
        -:  141:        // We move the pointer of the first element to the next element in the list 
        -:  142:        // And free the removed elements memory and return it's value
        8:  143:        ioopm_link_t *free_the_struct1 = list->first;
        8:  144:        list->first = list->first->next;
        8:  145:        elem_t removed_first_element = free_the_struct1->element;
        8:  146:        free(free_the_struct1);
        8:  147:        list->size = list->size - 1;
        8:  148:        return removed_first_element;
        -:  149:
        4:  150:    } else if (list->size - 1 == index) { // (When we want to remove the last element in the list)
        -:  151:        // We move the pointer of the last element to the previous element in the list by iterating to the penultimate element
        -:  152:        // And free the removed elements memory and return it's value
        2:  153:       if (list->first->next == NULL) {
        1:  154:        elem_t removed_final_element = list->first->element;
        1:  155:        ioopm_link_t *free_the_struct1 = list->first;
        1:  156:        list->first = NULL;
        1:  157:        list->last = NULL;
        1:  158:        free(free_the_struct1);
        -:  159:        
        1:  160:        return removed_final_element;    
        -:  161:       }
        -:  162:
        1:  163:        ioopm_link_t *free_the_struct = list->last;
        1:  164:        ioopm_link_t *next_link = list->first;
        1:  165:        list->size = list->size - 1;
        -:  166:
        4:  167:        while (counter != list->size) {
        3:  168:            next_link = next_link->next;
        3:  169:            counter = counter + 1;
        -:  170:        }
        1:  171:        list->last = next_link;
        1:  172:        next_link->next = NULL;
        1:  173:        elem_t removed_last_element = free_the_struct->element;
        1:  174:        free(free_the_struct);
        1:  175:        return removed_last_element;
        -:  176:
        -:  177:    } else { 
        -:  178:        // We find the previous element and point it's next pointer to the element after the intented removed element
        -:  179:        // And free the removed elements memory and return it's value
        2:  180:        ioopm_link_t *linked_list = list->first;
        2:  181:        counter = counter - 1;
        3:  182:        while (counter != index - 1) {
        1:  183:            linked_list = linked_list->next;
        1:  184:            counter = counter + 1;
        -:  185:        }
        2:  186:        ioopm_link_t *free_the_struct2 = linked_list->next;
        2:  187:        linked_list->next = linked_list->next->next;
        -:  188:        
        2:  189:        list->size = list->size - 1;
        2:  190:        elem_t removed_element = free_the_struct2->element;
        2:  191:        free(free_the_struct2);
        2:  192:        return removed_element;
        -:  193:    }
        -:  194:}
        -:  195:
        1:  196:void ioopm_linked_list_clear(ioopm_list_t *list) {
        1:  197:    size_t size = list->size;
        8:  198:    for (int i = 0; i < size; i++) {
        7:  199:        ioopm_linked_list_remove(list, 0);
        -:  200:    }
        1:  201:}
        -:  202:
        -:  203:
        6:  204:bool ioopm_linked_list_all(ioopm_list_t *list, ioopm_int_predicate prop, void *extra)
        -:  205:{
        6:  206:    size_t size = ioopm_linked_list_size(list);
        6:  207:    ioopm_link_t *list_itr = list->first;
        -:  208:
       17:  209:    for (int i = 0; i < size; i++) {
       12:  210:        if (!prop(list_itr->element, extra)) {
        1:  211:            return false;   
        -:  212:        } else {
       11:  213:            list_itr = list_itr->next;
        -:  214:        }
        -:  215:    } 
        5:  216:    return true;
        -:  217:}
        -:  218:
        3:  219:bool ioopm_linked_list_any(ioopm_list_t *list, ioopm_int_predicate prop, void *extra)
        -:  220:{
        3:  221:    size_t size = ioopm_linked_list_size(list);
        3:  222:    ioopm_link_t *list_itr = list->first;
        -:  223:
        6:  224:    for (int i = 0; i < size; i++) {
        4:  225:        if (prop(list_itr->element, extra)) {
        1:  226:            return true;   
        -:  227:        } else {
        3:  228:            list_itr = list_itr->next;
        -:  229:        }
        -:  230:    } 
        2:  231:    return false;
        -:  232:}
        -:  233:
        3:  234:void ioopm_linked_list_apply_to_all(ioopm_list_t *list, ioopm_apply_int_function fun, void *extra) 
        -:  235:{
        3:  236:    size_t size = ioopm_linked_list_size(list); 
        3:  237:    ioopm_link_t *list_itr = list->first;
        3:  238:    int counter = 0;
        -:  239:
        -:  240:    
       11:  241:    while (counter != size) {
        8:  242:        elem_t *a = &(list_itr->element);
        8:  243:        fun(a, extra);
        8:  244:        counter++;
        8:  245:        list_itr = list_itr->next;
        -:  246:    }
        3:  247:}
        -:  248:
        -:  249:
        -:  250:
        -:  251:struct iter 
        -:  252:{
        -:  253:  ioopm_link_t *current;
        -:  254:  ioopm_list_t *list; /// New field
        -:  255:};
        -:  256:
        4:  257:ioopm_list_iterator_t *ioopm_list_iterator(ioopm_list_t *list)
        -:  258:{
        4:  259:  ioopm_list_iterator_t *result = calloc(1, sizeof(struct iter));
        -:  260:
        4:  261:  result->current = list->first;
        4:  262:  result->list = list; /// Iterator remembers where it came from
        -:  263:
        4:  264:  return result; 
        -:  265:}
        -:  266:
        6:  267:void ioopm_iterator_next(ioopm_list_iterator_t *iter)
        -:  268:{
        6:  269:  iter->current = iter->current->next;
        6:  270:}
        -:  271:
        1:  272:elem_t ioopm_iterator_current(ioopm_list_iterator_t *iter)
        -:  273:{
        1:  274:  return iter->current->element; 
        -:  275:}
        -:  276:
        4:  277:void ioopm_iterator_destroy(ioopm_list_iterator_t *iter)
        -:  278:{
        4:  279:  free(iter);
        4:  280:}
        -:  281:
        1:  282:void ioopm_iterator_reset(ioopm_list_iterator_t *iter)
        -:  283:{
        1:  284:  iter->current = iter->list->first;
        1:  285:}
